C:\USERS\SAMSUNG\DOCUMENTS\VISUAL STUDIO 2012\PROJECTS\OPENCV-START1\OPENCV-START1\DEBUG\ALGO_COMPTAGE2.OBJ
C:\USERS\SAMSUNG\DOCUMENTS\VISUAL STUDIO 2012\PROJECTS\OPENCV-START1\OPENCV-START1\DEBUG\ALGO_COMPTAGE_BIN.OBJ
C:\USERS\SAMSUNG\DOCUMENTS\VISUAL STUDIO 2012\PROJECTS\OPENCV-START1\OPENCV-START1\DEBUG\BACKGROUND_SUBS.OBJ
C:\USERS\SAMSUNG\DOCUMENTS\VISUAL STUDIO 2012\PROJECTS\OPENCV-START1\OPENCV-START1\DEBUG\ESSAI1.OBJ
C:\USERS\SAMSUNG\DOCUMENTS\VISUAL STUDIO 2012\PROJECTS\OPENCV-START1\OPENCV-START1\DEBUG\ESSAI2.OBJ
C:\USERS\SAMSUNG\DOCUMENTS\VISUAL STUDIO 2012\PROJECTS\OPENCV-START1\OPENCV-START1\DEBUG\WEBCAM.OBJ
C:\USERS\SAMSUNG\DOCUMENTS\VISUAL STUDIO 2012\PROJECTS\OPENCV-START1\OPENCV-START1\DEBUG\WEBCAM2.OBJ
C:\USERS\SAMSUNG\DOCUMENTS\VISUAL STUDIO 2012\PROJECTS\OPENCV-START1\OPENCV-START1\DEBUG\WEBCAM3_SORTIE.OBJ
C:\USERS\SAMSUNG\DOCUMENTS\VISUAL STUDIO 2012\PROJECTS\OPENCV-START1\OPENCV-START1\DEBUG\WEBCAM_COLOR_OUTPUT_LINE.OBJ
C:\USERS\SAMSUNG\DOCUMENTS\VISUAL STUDIO 2012\PROJECTS\OPENCV-START1\OPENCV-START1\DEBUG\WEBCAM_VIDEO.OBJ
C:\USERS\SAMSUNG\DOCUMENTS\VISUAL STUDIO 2012\PROJECTS\OPENCV-START1\OPENCV-START1\DEBUG\YELLOW.OBJ
C:\USERS\SAMSUNG\DOCUMENTS\VISUAL STUDIO 2012\PROJECTS\OPENCV-START1\OPENCV-START1\DEBUG\MAIN.OBJ
C:\USERS\SAMSUNG\DOCUMENTS\VISUAL STUDIO 2012\PROJECTS\OPENCV-START1\OPENCV-START1\DEBUG\VC110.PDB
C:\USERS\SAMSUNG\DOCUMENTS\VISUAL STUDIO 2012\PROJECTS\OPENCV-START1\DEBUG\OPENCV-START1.ILK
C:\USERS\SAMSUNG\DOCUMENTS\VISUAL STUDIO 2012\PROJECTS\OPENCV-START1\DEBUG\OPENCV-START1.EXE
C:\USERS\SAMSUNG\DOCUMENTS\VISUAL STUDIO 2012\PROJECTS\OPENCV-START1\DEBUG\OPENCV-START1.PDB
C:\Users\Samsung\documents\visual studio 2012\Projects\opencv-start1\opencv-start1\Debug\algo_comptage2.obj
C:\Users\Samsung\documents\visual studio 2012\Projects\opencv-start1\opencv-start1\Debug\algo_comptage_bin.obj
C:\Users\Samsung\documents\visual studio 2012\Projects\opencv-start1\opencv-start1\Debug\background_subs.obj
C:\Users\Samsung\documents\visual studio 2012\Projects\opencv-start1\opencv-start1\Debug\essai1.obj
C:\Users\Samsung\documents\visual studio 2012\Projects\opencv-start1\opencv-start1\Debug\essai2.obj
C:\Users\Samsung\documents\visual studio 2012\Projects\opencv-start1\opencv-start1\Debug\main.obj
C:\Users\Samsung\documents\visual studio 2012\Projects\opencv-start1\opencv-start1\Debug\webcam.obj
C:\Users\Samsung\documents\visual studio 2012\Projects\opencv-start1\opencv-start1\Debug\webcam2.obj
C:\Users\Samsung\documents\visual studio 2012\Projects\opencv-start1\opencv-start1\Debug\webcam3_sortie.obj
C:\Users\Samsung\documents\visual studio 2012\Projects\opencv-start1\opencv-start1\Debug\webcam_color_output_line.obj
C:\Users\Samsung\documents\visual studio 2012\Projects\opencv-start1\opencv-start1\Debug\webcam_video.obj
C:\Users\Samsung\documents\visual studio 2012\Projects\opencv-start1\opencv-start1\Debug\yellow.obj
C:\Users\Samsung\documents\visual studio 2012\Projects\opencv-start1\opencv-start1\Debug\cl.command.1.tlog
C:\Users\Samsung\documents\visual studio 2012\Projects\opencv-start1\opencv-start1\Debug\CL.read.1.tlog
C:\Users\Samsung\documents\visual studio 2012\Projects\opencv-start1\opencv-start1\Debug\CL.write.1.tlog
C:\Users\Samsung\documents\visual studio 2012\Projects\opencv-start1\opencv-start1\Debug\link-cvtres.read.1.tlog
C:\Users\Samsung\documents\visual studio 2012\Projects\opencv-start1\opencv-start1\Debug\link-cvtres.write.1.tlog
C:\Users\Samsung\documents\visual studio 2012\Projects\opencv-start1\opencv-start1\Debug\link-rc.read.1.tlog
C:\Users\Samsung\documents\visual studio 2012\Projects\opencv-start1\opencv-start1\Debug\link-rc.write.1.tlog
C:\Users\Samsung\documents\visual studio 2012\Projects\opencv-start1\opencv-start1\Debug\link.6928-cvtres.read.1.tlog
C:\Users\Samsung\documents\visual studio 2012\Projects\opencv-start1\opencv-start1\Debug\link.6928-cvtres.write.1.tlog
C:\Users\Samsung\documents\visual studio 2012\Projects\opencv-start1\opencv-start1\Debug\link.6928-rc.read.1.tlog
C:\Users\Samsung\documents\visual studio 2012\Projects\opencv-start1\opencv-start1\Debug\link.6928-rc.write.1.tlog
C:\Users\Samsung\documents\visual studio 2012\Projects\opencv-start1\opencv-start1\Debug\link.6928.read.1.tlog
C:\Users\Samsung\documents\visual studio 2012\Projects\opencv-start1\opencv-start1\Debug\link.6928.write.1.tlog
C:\Users\Samsung\documents\visual studio 2012\Projects\opencv-start1\opencv-start1\Debug\link.8968-cvtres.read.1.tlog
C:\Users\Samsung\documents\visual studio 2012\Projects\opencv-start1\opencv-start1\Debug\link.8968-cvtres.write.1.tlog
C:\Users\Samsung\documents\visual studio 2012\Projects\opencv-start1\opencv-start1\Debug\link.8968-rc.read.1.tlog
C:\Users\Samsung\documents\visual studio 2012\Projects\opencv-start1\opencv-start1\Debug\link.8968-rc.write.1.tlog
C:\Users\Samsung\documents\visual studio 2012\Projects\opencv-start1\opencv-start1\Debug\link.8968.read.1.tlog
C:\Users\Samsung\documents\visual studio 2012\Projects\opencv-start1\opencv-start1\Debug\link.8968.write.1.tlog
C:\Users\Samsung\documents\visual studio 2012\Projects\opencv-start1\opencv-start1\Debug\link.command.1.tlog
C:\Users\Samsung\documents\visual studio 2012\Projects\opencv-start1\opencv-start1\Debug\link.read.1.tlog
C:\Users\Samsung\documents\visual studio 2012\Projects\opencv-start1\opencv-start1\Debug\link.write.1.tlog
C:\Users\Samsung\documents\visual studio 2012\Projects\opencv-start1\opencv-start1\Debug\vc110.idb
C:\Users\Samsung\documents\visual studio 2012\Projects\opencv-start1\opencv-start1\Debug\vc110.pdb
C:\Users\Samsung\documents\visual studio 2012\Projects\opencv-start1\Debug\opencv-start1.pdb
C:\Users\Samsung\documents\visual studio 2012\Projects\opencv-start1\Debug\opencv-start1.exe
C:\Users\Samsung\documents\visual studio 2012\Projects\opencv-start1\Debug\opencv-start1.ilk
