C:\USERS\SAMSUNG\DOCUMENTS\VISUAL STUDIO 2012\PROJECTS\OPENCV-START1\OPENCV-START1\DEBUG\BACKGROUND_SUBS.OBJ
C:\USERS\SAMSUNG\DOCUMENTS\VISUAL STUDIO 2012\PROJECTS\OPENCV-START1\OPENCV-START1\DEBUG\ESSAI1.OBJ
C:\USERS\SAMSUNG\DOCUMENTS\VISUAL STUDIO 2012\PROJECTS\OPENCV-START1\OPENCV-START1\DEBUG\ESSAI2.OBJ
C:\USERS\SAMSUNG\DOCUMENTS\VISUAL STUDIO 2012\PROJECTS\OPENCV-START1\OPENCV-START1\DEBUG\MAIN.OBJ
C:\USERS\SAMSUNG\DOCUMENTS\VISUAL STUDIO 2012\PROJECTS\OPENCV-START1\OPENCV-START1\DEBUG\WEBCAM.OBJ
C:\USERS\SAMSUNG\DOCUMENTS\VISUAL STUDIO 2012\PROJECTS\OPENCV-START1\OPENCV-START1\DEBUG\WEBCAM2.OBJ
C:\USERS\SAMSUNG\DOCUMENTS\VISUAL STUDIO 2012\PROJECTS\OPENCV-START1\OPENCV-START1\DEBUG\WEBCAM3_SORTIE.OBJ
C:\USERS\SAMSUNG\DOCUMENTS\VISUAL STUDIO 2012\PROJECTS\OPENCV-START1\OPENCV-START1\DEBUG\VC110.PDB
C:\USERS\SAMSUNG\DOCUMENTS\VISUAL STUDIO 2012\PROJECTS\OPENCV-START1\OPENCV-START1\DEBUG\WEBCAM_COLOR_OUTPUT_LINE.OBJ
C:\USERS\SAMSUNG\DOCUMENTS\VISUAL STUDIO 2012\PROJECTS\OPENCV-START1\OPENCV-START1\DEBUG\YELLOW.OBJ
C:\USERS\SAMSUNG\DOCUMENTS\VISUAL STUDIO 2012\PROJECTS\OPENCV-START1\OPENCV-START1\DEBUG\WEBCAM_VIDEO.OBJ
C:\USERS\SAMSUNG\DOCUMENTS\VISUAL STUDIO 2012\PROJECTS\OPENCV-START1\DEBUG\OPENCV-START1.ILK
C:\USERS\SAMSUNG\DOCUMENTS\VISUAL STUDIO 2012\PROJECTS\OPENCV-START1\DEBUG\OPENCV-START1.EXE
C:\USERS\SAMSUNG\DOCUMENTS\VISUAL STUDIO 2012\PROJECTS\OPENCV-START1\DEBUG\OPENCV-START1.PDB
C:\Users\Samsung\documents\visual studio 2012\Projects\opencv-start1\opencv-start1\Debug\background_subs.obj
C:\Users\Samsung\documents\visual studio 2012\Projects\opencv-start1\opencv-start1\Debug\essai1.obj
C:\Users\Samsung\documents\visual studio 2012\Projects\opencv-start1\opencv-start1\Debug\essai2.obj
C:\Users\Samsung\documents\visual studio 2012\Projects\opencv-start1\opencv-start1\Debug\main.obj
C:\Users\Samsung\documents\visual studio 2012\Projects\opencv-start1\opencv-start1\Debug\webcam.obj
C:\Users\Samsung\documents\visual studio 2012\Projects\opencv-start1\opencv-start1\Debug\webcam2.obj
C:\Users\Samsung\documents\visual studio 2012\Projects\opencv-start1\opencv-start1\Debug\webcam3_sortie.obj
C:\Users\Samsung\documents\visual studio 2012\Projects\opencv-start1\opencv-start1\Debug\webcam_color_output_line.obj
C:\Users\Samsung\documents\visual studio 2012\Projects\opencv-start1\opencv-start1\Debug\webcam_video.obj
C:\Users\Samsung\documents\visual studio 2012\Projects\opencv-start1\opencv-start1\Debug\yellow.obj
C:\Users\Samsung\documents\visual studio 2012\Projects\opencv-start1\opencv-start1\Debug\cl.command.1.tlog
C:\Users\Samsung\documents\visual studio 2012\Projects\opencv-start1\opencv-start1\Debug\CL.read.1.tlog
C:\Users\Samsung\documents\visual studio 2012\Projects\opencv-start1\opencv-start1\Debug\CL.write.1.tlog
C:\Users\Samsung\documents\visual studio 2012\Projects\opencv-start1\opencv-start1\Debug\link-cvtres.read.1.tlog
C:\Users\Samsung\documents\visual studio 2012\Projects\opencv-start1\opencv-start1\Debug\link-cvtres.write.1.tlog
C:\Users\Samsung\documents\visual studio 2012\Projects\opencv-start1\opencv-start1\Debug\link-rc.read.1.tlog
C:\Users\Samsung\documents\visual studio 2012\Projects\opencv-start1\opencv-start1\Debug\link-rc.write.1.tlog
C:\Users\Samsung\documents\visual studio 2012\Projects\opencv-start1\opencv-start1\Debug\link.1328-cvtres.read.1.tlog
C:\Users\Samsung\documents\visual studio 2012\Projects\opencv-start1\opencv-start1\Debug\link.1328-cvtres.write.1.tlog
C:\Users\Samsung\documents\visual studio 2012\Projects\opencv-start1\opencv-start1\Debug\link.1328-rc.read.1.tlog
C:\Users\Samsung\documents\visual studio 2012\Projects\opencv-start1\opencv-start1\Debug\link.1328-rc.write.1.tlog
C:\Users\Samsung\documents\visual studio 2012\Projects\opencv-start1\opencv-start1\Debug\link.1328.read.1.tlog
C:\Users\Samsung\documents\visual studio 2012\Projects\opencv-start1\opencv-start1\Debug\link.1328.write.1.tlog
C:\Users\Samsung\documents\visual studio 2012\Projects\opencv-start1\opencv-start1\Debug\link.2776-cvtres.read.1.tlog
C:\Users\Samsung\documents\visual studio 2012\Projects\opencv-start1\opencv-start1\Debug\link.2776-cvtres.write.1.tlog
C:\Users\Samsung\documents\visual studio 2012\Projects\opencv-start1\opencv-start1\Debug\link.2776-rc.read.1.tlog
C:\Users\Samsung\documents\visual studio 2012\Projects\opencv-start1\opencv-start1\Debug\link.2776-rc.write.1.tlog
C:\Users\Samsung\documents\visual studio 2012\Projects\opencv-start1\opencv-start1\Debug\link.2776.read.1.tlog
C:\Users\Samsung\documents\visual studio 2012\Projects\opencv-start1\opencv-start1\Debug\link.2776.write.1.tlog
C:\Users\Samsung\documents\visual studio 2012\Projects\opencv-start1\opencv-start1\Debug\link.3660-cvtres.read.1.tlog
C:\Users\Samsung\documents\visual studio 2012\Projects\opencv-start1\opencv-start1\Debug\link.3660-cvtres.write.1.tlog
C:\Users\Samsung\documents\visual studio 2012\Projects\opencv-start1\opencv-start1\Debug\link.3660-rc.read.1.tlog
C:\Users\Samsung\documents\visual studio 2012\Projects\opencv-start1\opencv-start1\Debug\link.3660-rc.write.1.tlog
C:\Users\Samsung\documents\visual studio 2012\Projects\opencv-start1\opencv-start1\Debug\link.3660.read.1.tlog
C:\Users\Samsung\documents\visual studio 2012\Projects\opencv-start1\opencv-start1\Debug\link.3660.write.1.tlog
C:\Users\Samsung\documents\visual studio 2012\Projects\opencv-start1\opencv-start1\Debug\link.4620-cvtres.read.1.tlog
C:\Users\Samsung\documents\visual studio 2012\Projects\opencv-start1\opencv-start1\Debug\link.4620-cvtres.write.1.tlog
C:\Users\Samsung\documents\visual studio 2012\Projects\opencv-start1\opencv-start1\Debug\link.4620-rc.read.1.tlog
C:\Users\Samsung\documents\visual studio 2012\Projects\opencv-start1\opencv-start1\Debug\link.4620-rc.write.1.tlog
C:\Users\Samsung\documents\visual studio 2012\Projects\opencv-start1\opencv-start1\Debug\link.4620.read.1.tlog
C:\Users\Samsung\documents\visual studio 2012\Projects\opencv-start1\opencv-start1\Debug\link.4620.write.1.tlog
C:\Users\Samsung\documents\visual studio 2012\Projects\opencv-start1\opencv-start1\Debug\link.4700-cvtres.read.1.tlog
C:\Users\Samsung\documents\visual studio 2012\Projects\opencv-start1\opencv-start1\Debug\link.4700-cvtres.write.1.tlog
C:\Users\Samsung\documents\visual studio 2012\Projects\opencv-start1\opencv-start1\Debug\link.4700-rc.read.1.tlog
C:\Users\Samsung\documents\visual studio 2012\Projects\opencv-start1\opencv-start1\Debug\link.4700-rc.write.1.tlog
C:\Users\Samsung\documents\visual studio 2012\Projects\opencv-start1\opencv-start1\Debug\link.4700.read.1.tlog
C:\Users\Samsung\documents\visual studio 2012\Projects\opencv-start1\opencv-start1\Debug\link.4700.write.1.tlog
C:\Users\Samsung\documents\visual studio 2012\Projects\opencv-start1\opencv-start1\Debug\link.6992-cvtres.read.1.tlog
C:\Users\Samsung\documents\visual studio 2012\Projects\opencv-start1\opencv-start1\Debug\link.6992-cvtres.write.1.tlog
C:\Users\Samsung\documents\visual studio 2012\Projects\opencv-start1\opencv-start1\Debug\link.6992-rc.read.1.tlog
C:\Users\Samsung\documents\visual studio 2012\Projects\opencv-start1\opencv-start1\Debug\link.6992-rc.write.1.tlog
C:\Users\Samsung\documents\visual studio 2012\Projects\opencv-start1\opencv-start1\Debug\link.6992.read.1.tlog
C:\Users\Samsung\documents\visual studio 2012\Projects\opencv-start1\opencv-start1\Debug\link.6992.write.1.tlog
C:\Users\Samsung\documents\visual studio 2012\Projects\opencv-start1\opencv-start1\Debug\link.command.1.tlog
C:\Users\Samsung\documents\visual studio 2012\Projects\opencv-start1\opencv-start1\Debug\link.read.1.tlog
C:\Users\Samsung\documents\visual studio 2012\Projects\opencv-start1\opencv-start1\Debug\link.write.1.tlog
C:\Users\Samsung\documents\visual studio 2012\Projects\opencv-start1\opencv-start1\Debug\vc110.idb
C:\Users\Samsung\documents\visual studio 2012\Projects\opencv-start1\opencv-start1\Debug\vc110.pdb
C:\Users\Samsung\documents\visual studio 2012\Projects\opencv-start1\Debug\opencv-start1.pdb
C:\Users\Samsung\documents\visual studio 2012\Projects\opencv-start1\Debug\opencv-start1.exe
C:\Users\Samsung\documents\visual studio 2012\Projects\opencv-start1\Debug\opencv-start1.ilk
